Arguments: 
  C:\Program Files\nodejs\node.exe C:\Users\anton\AppData\Roaming\npm\node_modules\yarn\bin\yarn.js install

PATH: 
  C:\Users\anton\Desktop\fragment\node_modules\.bin;C:\Program Files (x86)\Intel\Intel(R) Management Engine Components\iCLS\;C:\Program Files\Intel\Intel(R) Management Engine Components\iCLS\;C:\Windows\system32;C:\Windows;C:\Windows\System32\Wbem;C:\Windows\System32\WindowsPowerShell\v1.0\;C:\Windows\System32\OpenSSH\;C:\Program Files (x86)\NVIDIA Corporation\PhysX\Common;C:\Program Files (x86)\Intel\Intel(R) Management Engine Components\DAL;C:\Program Files\Intel\Intel(R) Management Engine Components\DAL;C:\Program Files\Intel\WiFi\bin\;C:\Program Files\Common Files\Intel\WirelessCommon\;C:\WINDOWS\system32;C:\WINDOWS;C:\WINDOWS\System32\Wbem;C:\WINDOWS\System32\WindowsPowerShell\v1.0\;C:\WINDOWS\System32\OpenSSH\;C:\Program Files\nodejs\;C:\Program Files\Git\cmd;C:\Program Files\Docker\Docker\resources\bin;C:\ProgramData\DockerDesktop\version-bin;C:\Users\anton\AppData\Local\Microsoft\WindowsApps;C:\Users\anton\AppData\Roaming\npm;C:\Users\anton\AppData\Local\Programs\Microsoft VS Code\bin;C:\Program Files\JetBrains\WebStorm 2021.1.3\bin;C:\Users\anton\AppData\Local\gitkraken\bin

Yarn version: 
  1.22.10

Node version: 
  14.17.0

Platform: 
  win32 x64

Trace: 
  SyntaxError: C:\Users\anton\Desktop\fragment\example\package.json: Unexpected token } in JSON at position 686
      at JSON.parse (<anonymous>)
      at C:\Users\anton\AppData\Roaming\npm\node_modules\yarn\lib\cli.js:1625:59
      at Generator.next (<anonymous>)
      at step (C:\Users\anton\AppData\Roaming\npm\node_modules\yarn\lib\cli.js:310:30)
      at C:\Users\anton\AppData\Roaming\npm\node_modules\yarn\lib\cli.js:321:13

npm manifest: 
  {
    "name": "bim-fragment-root",
    "description": "BIM geometry API",
    "version": "0.0.1",
    "private": true,
    "main": "fragment/src/fragment-api.ts",
    "author": "agviegas",
    "license": "MIT",
    "repository": "git+https://github.com/ifcjs/fragment",
    "scripts": {
      "init-repo": "yarn && npm run build",
      "start": "cd example && yarn start",
      "build": "cd viewer && yarn build && cd ../example && yarn build",
      "publish-repo": "cd viewer && yarn build && npm publish"
    },
    "bugs": {
      "url": "https://github.com/agviegas/web-ifc-viewer/issues"
    },
    "keywords": [
      "ifc",
      "geometry",
      "threejs",
      "bim",
      "3d"
    ],
    "workspaces": [
      "fragment",
      "example"
    ],
    "dependencies": {}
  }

yarn manifest: 
  No manifest

Lockfile: 
  No lockfile
